<?xml version="1.0" encoding="UTF-8"?>
<testng-results skipped="0" failed="1" ignored="1" total="2" passed="0">
  <reporter-output>
    <line>
      <![CDATA[Browser Details: Firefox_v]]>
    </line>
    <line>
      <![CDATA[***************login succesfull, admin (admin) and admin (admin) matches*************]]>
    </line>
    <line>
      <![CDATA[++++++++++++++++++++Creating deal started++++++++++++++++++++]]>
    </line>
    <line>
      <![CDATA[
]]>
    </line>
    <line>
      <![CDATA[++++++++++++++++++++After Class started++++++++++++++++++++]]>
    </line>
    <line>
      <![CDATA[
]]>
    </line>
    <line>
      <![CDATA[******************After Class Succesfull********************]]>
    </line>
    <line>
      <![CDATA[
]]>
    </line>
  </reporter-output>
  <suite name="Default suite" duration-ms="33512" started-at="2017-05-02T09:34:16Z" finished-at="2017-05-02T09:34:50Z">
    <groups>
    </groups>
    <test name="Default test" duration-ms="33512" started-at="2017-05-02T09:34:16Z" finished-at="2017-05-02T09:34:50Z">
      <class name="webTests.promotionCreationTests.transactionLevelDisscountTests.FlatAmountDiscountOnTransactionTests">
        <test-method status="PASS" signature="beforeClass()[pri:0, instance:webTests.promotionCreationTests.transactionLevelDisscountTests.FlatAmountDiscountOnTransactionTests@3daa422a]" name="beforeClass" is-config="true" duration-ms="31042" started-at="2017-05-02T15:04:16Z" finished-at="2017-05-02T15:04:47Z">
          <reporter-output>
            <line>
              <![CDATA[Browser Details: Firefox_v]]>
            </line>
            <line>
              <![CDATA[***************login succesfull, admin (admin) and admin (admin) matches*************]]>
            </line>
          </reporter-output>
        </test-method> <!-- beforeClass -->
        <test-method status="FAIL" signature="dealCreationForTransactionLevelDiscount()[pri:1, instance:webTests.promotionCreationTests.transactionLevelDisscountTests.FlatAmountDiscountOnTransactionTests@3daa422a]" name="dealCreationForTransactionLevelDiscount" duration-ms="100" started-at="2017-05-02T15:04:47Z" finished-at="2017-05-02T15:04:47Z">
          <exception class="java.lang.ArrayIndexOutOfBoundsException">
            <message>
              <![CDATA[18]]>
            </message>
            <full-stacktrace>
              <![CDATA[java.lang.ArrayIndexOutOfBoundsException: 18
	at pageAction.promotionCreationMethods.CreateDealMethods.creatingDeal(CreateDealMethods.java:52)
	at webTests.promotionCreationTests.transactionLevelDisscountTests.FlatAmountDiscountOnTransactionTests.dealCreationForTransactionLevelDiscount(FlatAmountDiscountOnTransactionTests.java:40)
	at sun.reflect.NativeMethodAccessorImpl.invoke0(Native Method)
	at sun.reflect.NativeMethodAccessorImpl.invoke(Unknown Source)
	at sun.reflect.DelegatingMethodAccessorImpl.invoke(Unknown Source)
	at java.lang.reflect.Method.invoke(Unknown Source)
	at org.testng.internal.MethodInvocationHelper.invokeMethod(MethodInvocationHelper.java:104)
	at org.testng.internal.Invoker.invokeMethod(Invoker.java:645)
	at org.testng.internal.Invoker.invokeTestMethod(Invoker.java:851)
	at org.testng.internal.Invoker.invokeTestMethods(Invoker.java:1177)
	at org.testng.internal.TestMethodWorker.invokeTestMethods(TestMethodWorker.java:129)
	at org.testng.internal.TestMethodWorker.run(TestMethodWorker.java:112)
	at org.testng.TestRunner.privateRun(TestRunner.java:756)
	at org.testng.TestRunner.run(TestRunner.java:610)
	at org.testng.SuiteRunner.runTest(SuiteRunner.java:387)
	at org.testng.SuiteRunner.runSequentially(SuiteRunner.java:382)
	at org.testng.SuiteRunner.privateRun(SuiteRunner.java:340)
	at org.testng.SuiteRunner.run(SuiteRunner.java:289)
	at org.testng.SuiteRunnerWorker.runSuite(SuiteRunnerWorker.java:52)
	at org.testng.SuiteRunnerWorker.run(SuiteRunnerWorker.java:86)
	at org.testng.TestNG.runSuitesSequentially(TestNG.java:1293)
	at org.testng.TestNG.runSuitesLocally(TestNG.java:1218)
	at org.testng.TestNG.runSuites(TestNG.java:1133)
	at org.testng.TestNG.run(TestNG.java:1104)
	at org.testng.remote.AbstractRemoteTestNG.run(AbstractRemoteTestNG.java:132)
	at org.testng.remote.RemoteTestNG.initAndRun(RemoteTestNG.java:236)
	at org.testng.remote.RemoteTestNG.main(RemoteTestNG.java:81)
]]>
            </full-stacktrace>
          </exception> <!-- java.lang.ArrayIndexOutOfBoundsException -->
          <reporter-output>
            <line>
              <![CDATA[++++++++++++++++++++Creating deal started++++++++++++++++++++]]>
            </line>
            <line>
              <![CDATA[
]]>
            </line>
          </reporter-output>
        </test-method> <!-- dealCreationForTransactionLevelDiscount -->
        <test-method status="PASS" signature="afterclass()[pri:0, instance:webTests.promotionCreationTests.transactionLevelDisscountTests.FlatAmountDiscountOnTransactionTests@3daa422a]" name="afterclass" is-config="true" duration-ms="2330" started-at="2017-05-02T15:04:47Z" finished-at="2017-05-02T15:04:50Z">
          <reporter-output>
            <line>
              <![CDATA[++++++++++++++++++++After Class started++++++++++++++++++++]]>
            </line>
            <line>
              <![CDATA[
]]>
            </line>
            <line>
              <![CDATA[******************After Class Succesfull********************]]>
            </line>
            <line>
              <![CDATA[
]]>
            </line>
          </reporter-output>
        </test-method> <!-- afterclass -->
      </class> <!-- webTests.promotionCreationTests.transactionLevelDisscountTests.FlatAmountDiscountOnTransactionTests -->
    </test> <!-- Default test -->
  </suite> <!-- Default suite -->
</testng-results>
