<?xml version="1.0" encoding="UTF-8"?>
<!-- Generated by org.testng.reporters.JUnitXMLReporter -->
<testsuite hostname="User-PC" ignored="0" name="Default test" tests="2" failures="0" timestamp="02 May 2017 13:23:50 GMT" time="76.442" errors="0">
  <testcase name="dealCreationForTransactionLevelDiscount" time="20.376" classname="webTests.promotionCreationTests.buyXGetXDealTests.BuyXGetXDealWithTimePeriodTests"/>
  <testcase name="createPromotionForTransactionLevel" time="34.291" classname="webTests.promotionCreationTests.buyXGetXDealTests.BuyXGetXDealWithTimePeriodTests"/>
</testsuite> <!-- Default test -->
